2026-06-01 17:28:57,959 [trainer.py] => config: exps/step2_icarl_cifar100_b0inc10_seed1993.json
2026-06-01 17:28:57,959 [trainer.py] => prefix: step2
2026-06-01 17:28:57,959 [trainer.py] => dataset: cifar100
2026-06-01 17:28:57,959 [trainer.py] => memory_size: 2000
2026-06-01 17:28:57,959 [trainer.py] => memory_per_class: 20
2026-06-01 17:28:57,959 [trainer.py] => fixed_memory: False
2026-06-01 17:28:57,959 [trainer.py] => shuffle: True
2026-06-01 17:28:57,959 [trainer.py] => init_cls: 10
2026-06-01 17:28:57,959 [trainer.py] => increment: 10
2026-06-01 17:28:57,959 [trainer.py] => model_name: icarl
2026-06-01 17:28:57,959 [trainer.py] => convnet_type: resnet32
2026-06-01 17:28:57,959 [trainer.py] => device: [device(type='cuda', index=0)]
2026-06-01 17:28:57,959 [trainer.py] => seed: 1993
2026-06-01 17:28:59,246 [data_manager.py] => [68, 56, 78, 8, 23, 84, 90, 65, 74, 76, 40, 89, 3, 92, 55, 9, 26, 80, 43, 38, 58, 70, 77, 1, 85, 19, 17, 50, 28, 53, 13, 81, 45, 82, 6, 59, 83, 16, 15, 44, 91, 41, 72, 60, 79, 52, 20, 10, 31, 54, 37, 95, 14, 71, 96, 98, 97, 2, 64, 66, 42, 22, 35, 86, 24, 34, 87, 21, 99, 0, 88, 27, 18, 94, 11, 12, 47, 25, 30, 46, 62, 69, 36, 61, 7, 63, 75, 5, 32, 4, 51, 48, 73, 93, 39, 67, 29, 49, 57, 33]
2026-06-01 17:28:59,594 [trainer.py] => All params: 464154
2026-06-01 17:28:59,595 [trainer.py] => Trainable params: 464154
2026-06-01 17:28:59,595 [icarl.py] => Learning on 0-10
2026-06-01 17:31:39,512 [icarl.py] => Task 0, Epoch 200/200 => Loss 0.035, Train_accy 99.28
2026-06-01 17:31:39,512 [base.py] => Reducing exemplars...(200 per classes)
2026-06-01 17:31:39,512 [base.py] => Constructing exemplars...(200 per classes)
2026-06-01 17:31:42,525 [icarl.py] => Exemplar size: 2000
2026-06-01 17:31:42,525 [trainer.py] => CNN: {'total': np.float64(88.0), '00-09': np.float64(88.0), 'old': 0, 'new': np.float64(88.0)}
2026-06-01 17:31:42,525 [trainer.py] => NME: {'total': np.float64(87.4), '00-09': np.float64(87.4), 'old': 0, 'new': np.float64(87.4)}
2026-06-01 17:31:42,525 [trainer.py] => CNN top1 curve: [np.float64(88.0)]
2026-06-01 17:31:42,525 [trainer.py] => CNN top5 curve: [np.float64(99.2)]
2026-06-01 17:31:42,525 [trainer.py] => NME top1 curve: [np.float64(87.4)]
2026-06-01 17:31:42,526 [trainer.py] => NME top5 curve: [np.float64(99.2)]

2026-06-01 17:31:42,526 [trainer.py] => Average Accuracy (CNN): 88.0
2026-06-01 17:31:42,526 [trainer.py] => Average Accuracy (NME): 87.4
2026-06-01 17:31:42,526 [trainer.py] => All params: 464804
2026-06-01 17:31:42,526 [trainer.py] => Trainable params: 464804
2026-06-01 17:31:42,527 [icarl.py] => Learning on 10-20
2026-06-01 17:35:13,379 [icarl.py] => Task 1, Epoch 170/170 => Loss 1.035, Train_accy 99.93
2026-06-01 17:35:13,380 [base.py] => Reducing exemplars...(100 per classes)
2026-06-01 17:35:14,332 [base.py] => Constructing exemplars...(100 per classes)
2026-06-01 17:35:17,263 [icarl.py] => Exemplar size: 2000
2026-06-01 17:35:17,263 [trainer.py] => CNN: {'total': np.float64(77.6), '00-09': np.float64(77.5), '10-19': np.float64(77.7), 'old': np.float64(77.5), 'new': np.float64(77.7)}
2026-06-01 17:35:17,263 [trainer.py] => NME: {'total': np.float64(77.85), '00-09': np.float64(80.5), '10-19': np.float64(75.2), 'old': np.float64(80.5), 'new': np.float64(75.2)}
2026-06-01 17:35:17,263 [trainer.py] => CNN top1 curve: [np.float64(88.0), np.float64(77.6)]
2026-06-01 17:35:17,263 [trainer.py] => CNN top5 curve: [np.float64(99.2), np.float64(96.2)]
2026-06-01 17:35:17,263 [trainer.py] => NME top1 curve: [np.float64(87.4), np.float64(77.85)]
2026-06-01 17:35:17,263 [trainer.py] => NME top5 curve: [np.float64(99.2), np.float64(96.3)]

2026-06-01 17:35:17,263 [trainer.py] => Average Accuracy (CNN): 82.8
2026-06-01 17:35:17,264 [trainer.py] => Average Accuracy (NME): 82.625
2026-06-01 17:35:17,264 [trainer.py] => All params: 465454
2026-06-01 17:35:17,264 [trainer.py] => Trainable params: 465454
2026-06-01 17:35:17,264 [icarl.py] => Learning on 20-30
2026-06-01 17:39:10,800 [icarl.py] => Task 2, Epoch 170/170 => Loss 1.212, Train_accy 99.83
2026-06-01 17:39:10,801 [base.py] => Reducing exemplars...(66 per classes)
2026-06-01 17:39:13,150 [base.py] => Constructing exemplars...(66 per classes)
2026-06-01 17:39:16,444 [icarl.py] => Exemplar size: 1980
2026-06-01 17:39:16,444 [trainer.py] => CNN: {'total': np.float64(69.73), '00-09': np.float64(68.6), '10-19': np.float64(55.1), '20-29': np.float64(85.5), 'old': np.float64(61.85), 'new': np.float64(85.5)}
2026-06-01 17:39:16,444 [trainer.py] => NME: {'total': np.float64(72.53), '00-09': np.float64(73.4), '10-19': np.float64(63.9), '20-29': np.float64(80.3), 'old': np.float64(68.65), 'new': np.float64(80.3)}
2026-06-01 17:39:16,444 [trainer.py] => CNN top1 curve: [np.float64(88.0), np.float64(77.6), np.float64(69.73)]
2026-06-01 17:39:16,444 [trainer.py] => CNN top5 curve: [np.float64(99.2), np.float64(96.2), np.float64(92.93)]
2026-06-01 17:39:16,444 [trainer.py] => NME top1 curve: [np.float64(87.4), np.float64(77.85), np.float64(72.53)]
2026-06-01 17:39:16,444 [trainer.py] => NME top5 curve: [np.float64(99.2), np.float64(96.3), np.float64(93.33)]

2026-06-01 17:39:16,444 [trainer.py] => Average Accuracy (CNN): 78.44333333333333
2026-06-01 17:39:16,444 [trainer.py] => Average Accuracy (NME): 79.26
2026-06-01 17:39:16,444 [trainer.py] => All params: 466104
2026-06-01 17:39:16,445 [trainer.py] => Trainable params: 466104
2026-06-01 17:39:16,445 [icarl.py] => Learning on 30-40
2026-06-01 17:42:35,368 [icarl.py] => Task 3, Epoch 170/170 => Loss 1.499, Train_accy 99.83
2026-06-01 17:42:35,369 [base.py] => Reducing exemplars...(50 per classes)
2026-06-01 17:42:37,950 [base.py] => Constructing exemplars...(50 per classes)
2026-06-01 17:42:40,979 [icarl.py] => Exemplar size: 2000
2026-06-01 17:42:40,979 [trainer.py] => CNN: {'total': np.float64(62.18), '00-09': np.float64(55.9), '10-19': np.float64(46.1), '20-29': np.float64(64.1), '30-39': np.float64(82.6), 'old': np.float64(55.37), 'new': np.float64(82.6)}
2026-06-01 17:42:40,979 [trainer.py] => NME: {'total': np.float64(66.88), '00-09': np.float64(66.4), '10-19': np.float64(57.8), '20-29': np.float64(70.3), '30-39': np.float64(73.0), 'old': np.float64(64.83), 'new': np.float64(73.0)}
2026-06-01 17:42:40,979 [trainer.py] => CNN top1 curve: [np.float64(88.0), np.float64(77.6), np.float64(69.73), np.float64(62.18)]
2026-06-01 17:42:40,979 [trainer.py] => CNN top5 curve: [np.float64(99.2), np.float64(96.2), np.float64(92.93), np.float64(90.22)]
2026-06-01 17:42:40,979 [trainer.py] => NME top1 curve: [np.float64(87.4), np.float64(77.85), np.float64(72.53), np.float64(66.88)]
2026-06-01 17:42:40,979 [trainer.py] => NME top5 curve: [np.float64(99.2), np.float64(96.3), np.float64(93.33), np.float64(91.3)]

2026-06-01 17:42:40,979 [trainer.py] => Average Accuracy (CNN): 74.3775
2026-06-01 17:42:40,979 [trainer.py] => Average Accuracy (NME): 76.16499999999999
2026-06-01 17:42:40,979 [trainer.py] => All params: 466754
2026-06-01 17:42:40,979 [trainer.py] => Trainable params: 466754
2026-06-01 17:42:40,980 [icarl.py] => Learning on 40-50
2026-06-01 17:45:53,926 [icarl.py] => Task 4, Epoch 170/170 => Loss 1.557, Train_accy 99.93
2026-06-01 17:45:53,927 [base.py] => Reducing exemplars...(40 per classes)
2026-06-01 17:45:57,108 [base.py] => Constructing exemplars...(40 per classes)
2026-06-01 17:45:59,948 [icarl.py] => Exemplar size: 2000
2026-06-01 17:45:59,948 [trainer.py] => CNN: {'total': np.float64(57.4), '00-09': np.float64(51.2), '10-19': np.float64(35.3), '20-29': np.float64(55.6), '30-39': np.float64(56.9), '40-49': np.float64(88.0), 'old': np.float64(49.75), 'new': np.float64(88.0)}
2026-06-01 17:45:59,948 [trainer.py] => NME: {'total': np.float64(63.9), '00-09': np.float64(63.1), '10-19': np.float64(48.9), '20-29': np.float64(66.6), '30-39': np.float64(62.8), '40-49': np.float64(78.1), 'old': np.float64(60.35), 'new': np.float64(78.1)}
2026-06-01 17:45:59,948 [trainer.py] => CNN top1 curve: [np.float64(88.0), np.float64(77.6), np.float64(69.73), np.float64(62.18), np.float64(57.4)]
2026-06-01 17:45:59,948 [trainer.py] => CNN top5 curve: [np.float64(99.2), np.float64(96.2), np.float64(92.93), np.float64(90.22), np.float64(87.06)]
2026-06-01 17:45:59,949 [trainer.py] => NME top1 curve: [np.float64(87.4), np.float64(77.85), np.float64(72.53), np.float64(66.88), np.float64(63.9)]
2026-06-01 17:45:59,949 [trainer.py] => NME top5 curve: [np.float64(99.2), np.float64(96.3), np.float64(93.33), np.float64(91.3), np.float64(89.3)]

2026-06-01 17:45:59,949 [trainer.py] => Average Accuracy (CNN): 70.982
2026-06-01 17:45:59,949 [trainer.py] => Average Accuracy (NME): 73.71199999999999
2026-06-01 17:45:59,949 [trainer.py] => All params: 467404
2026-06-01 17:45:59,949 [trainer.py] => Trainable params: 467404
2026-06-01 17:45:59,950 [icarl.py] => Learning on 50-60
2026-06-01 17:49:00,473 [icarl.py] => Task 5, Epoch 170/170 => Loss 1.739, Train_accy 99.90
2026-06-01 17:49:00,474 [base.py] => Reducing exemplars...(33 per classes)
2026-06-01 17:49:04,167 [base.py] => Constructing exemplars...(33 per classes)
2026-06-01 17:49:06,847 [icarl.py] => Exemplar size: 1980
2026-06-01 17:49:06,848 [trainer.py] => CNN: {'total': np.float64(53.42), '00-09': np.float64(45.1), '10-19': np.float64(30.9), '20-29': np.float64(49.6), '30-39': np.float64(48.9), '40-49': np.float64(64.2), '50-59': np.float64(81.8), 'old': np.float64(47.74), 'new': np.float64(81.8)}
2026-06-01 17:49:06,848 [trainer.py] => NME: {'total': np.float64(60.35), '00-09': np.float64(59.5), '10-19': np.float64(45.0), '20-29': np.float64(61.3), '30-39': np.float64(55.8), '40-49': np.float64(68.3), '50-59': np.float64(72.2), 'old': np.float64(57.98), 'new': np.float64(72.2)}
2026-06-01 17:49:06,848 [trainer.py] => CNN top1 curve: [np.float64(88.0), np.float64(77.6), np.float64(69.73), np.float64(62.18), np.float64(57.4), np.float64(53.42)]
2026-06-01 17:49:06,848 [trainer.py] => CNN top5 curve: [np.float64(99.2), np.float64(96.2), np.float64(92.93), np.float64(90.22), np.float64(87.06), np.float64(82.98)]
2026-06-01 17:49:06,848 [trainer.py] => NME top1 curve: [np.float64(87.4), np.float64(77.85), np.float64(72.53), np.float64(66.88), np.float64(63.9), np.float64(60.35)]
2026-06-01 17:49:06,848 [trainer.py] => NME top5 curve: [np.float64(99.2), np.float64(96.3), np.float64(93.33), np.float64(91.3), np.float64(89.3), np.float64(85.85)]

2026-06-01 17:49:06,848 [trainer.py] => Average Accuracy (CNN): 68.05499999999999
2026-06-01 17:49:06,848 [trainer.py] => Average Accuracy (NME): 71.485
2026-06-01 17:49:06,848 [trainer.py] => All params: 468054
2026-06-01 17:49:06,848 [trainer.py] => Trainable params: 468054
2026-06-01 17:49:06,849 [icarl.py] => Learning on 60-70
2026-06-01 17:51:51,945 [icarl.py] => Task 6, Epoch 170/170 => Loss 1.762, Train_accy 99.90
2026-06-01 17:51:51,945 [base.py] => Reducing exemplars...(28 per classes)
2026-06-01 17:51:56,257 [base.py] => Constructing exemplars...(28 per classes)
2026-06-01 17:51:58,963 [icarl.py] => Exemplar size: 1960
2026-06-01 17:51:58,963 [trainer.py] => CNN: {'total': np.float64(50.94), '00-09': np.float64(44.1), '10-19': np.float64(27.6), '20-29': np.float64(46.7), '30-39': np.float64(39.8), '40-49': np.float64(57.1), '50-59': np.float64(55.0), '60-69': np.float64(86.3), 'old': np.float64(45.05), 'new': np.float64(86.3)}
2026-06-01 17:51:58,963 [trainer.py] => NME: {'total': np.float64(57.09), '00-09': np.float64(55.0), '10-19': np.float64(39.6), '20-29': np.float64(57.3), '30-39': np.float64(50.8), '40-49': np.float64(65.7), '50-59': np.float64(59.2), '60-69': np.float64(72.0), 'old': np.float64(54.6), 'new': np.float64(72.0)}
2026-06-01 17:51:58,963 [trainer.py] => CNN top1 curve: [np.float64(88.0), np.float64(77.6), np.float64(69.73), np.float64(62.18), np.float64(57.4), np.float64(53.42), np.float64(50.94)]
2026-06-01 17:51:58,963 [trainer.py] => CNN top5 curve: [np.float64(99.2), np.float64(96.2), np.float64(92.93), np.float64(90.22), np.float64(87.06), np.float64(82.98), np.float64(79.49)]
2026-06-01 17:51:58,963 [trainer.py] => NME top1 curve: [np.float64(87.4), np.float64(77.85), np.float64(72.53), np.float64(66.88), np.float64(63.9), np.float64(60.35), np.float64(57.09)]
2026-06-01 17:51:58,964 [trainer.py] => NME top5 curve: [np.float64(99.2), np.float64(96.3), np.float64(93.33), np.float64(91.3), np.float64(89.3), np.float64(85.85), np.float64(83.47)]

2026-06-01 17:51:58,964 [trainer.py] => Average Accuracy (CNN): 65.61
2026-06-01 17:51:58,964 [trainer.py] => Average Accuracy (NME): 69.42857142857143
2026-06-01 17:51:58,964 [trainer.py] => All params: 468704
2026-06-01 17:51:58,964 [trainer.py] => Trainable params: 468704
2026-06-01 17:51:58,965 [icarl.py] => Learning on 70-80
2026-06-01 17:54:44,708 [icarl.py] => Task 7, Epoch 170/170 => Loss 1.732, Train_accy 99.86
2026-06-01 17:54:44,708 [base.py] => Reducing exemplars...(25 per classes)
2026-06-01 17:54:49,800 [base.py] => Constructing exemplars...(25 per classes)
2026-06-01 17:54:52,624 [icarl.py] => Exemplar size: 2000
2026-06-01 17:54:52,624 [trainer.py] => CNN: {'total': np.float64(45.42), '00-09': np.float64(39.3), '10-19': np.float64(25.9), '20-29': np.float64(46.3), '30-39': np.float64(32.7), '40-49': np.float64(46.4), '50-59': np.float64(31.0), '60-69': np.float64(57.9), '70-79': np.float64(83.9), 'old': np.float64(39.93), 'new': np.float64(83.9)}
2026-06-01 17:54:52,624 [trainer.py] => NME: {'total': np.float64(52.84), '00-09': np.float64(50.8), '10-19': np.float64(37.6), '20-29': np.float64(53.7), '30-39': np.float64(44.3), '40-49': np.float64(59.5), '50-59': np.float64(43.6), '60-69': np.float64(62.9), '70-79': np.float64(70.3), 'old': np.float64(50.34), 'new': np.float64(70.3)}
2026-06-01 17:54:52,624 [trainer.py] => CNN top1 curve: [np.float64(88.0), np.float64(77.6), np.float64(69.73), np.float64(62.18), np.float64(57.4), np.float64(53.42), np.float64(50.94), np.float64(45.42)]
2026-06-01 17:54:52,624 [trainer.py] => CNN top5 curve: [np.float64(99.2), np.float64(96.2), np.float64(92.93), np.float64(90.22), np.float64(87.06), np.float64(82.98), np.float64(79.49), np.float64(76.54)]
2026-06-01 17:54:52,624 [trainer.py] => NME top1 curve: [np.float64(87.4), np.float64(77.85), np.float64(72.53), np.float64(66.88), np.float64(63.9), np.float64(60.35), np.float64(57.09), np.float64(52.84)]
2026-06-01 17:54:52,624 [trainer.py] => NME top5 curve: [np.float64(99.2), np.float64(96.3), np.float64(93.33), np.float64(91.3), np.float64(89.3), np.float64(85.85), np.float64(83.47), np.float64(80.99)]

2026-06-01 17:54:52,624 [trainer.py] => Average Accuracy (CNN): 63.08625
2026-06-01 17:54:52,624 [trainer.py] => Average Accuracy (NME): 67.355
2026-06-01 17:54:52,624 [trainer.py] => All params: 469354
2026-06-01 17:54:52,624 [trainer.py] => Trainable params: 469354
2026-06-01 17:54:52,625 [icarl.py] => Learning on 80-90
2026-06-01 17:57:38,902 [icarl.py] => Task 8, Epoch 170/170 => Loss 1.968, Train_accy 99.93
2026-06-01 17:57:38,903 [base.py] => Reducing exemplars...(22 per classes)
2026-06-01 17:57:44,672 [base.py] => Constructing exemplars...(22 per classes)
2026-06-01 17:57:47,555 [icarl.py] => Exemplar size: 1980
2026-06-01 17:57:47,555 [trainer.py] => CNN: {'total': np.float64(42.49), '00-09': np.float64(37.0), '10-19': np.float64(22.7), '20-29': np.float64(38.4), '30-39': np.float64(31.0), '40-49': np.float64(42.6), '50-59': np.float64(29.7), '60-69': np.float64(40.9), '70-79': np.float64(54.4), '80-89': np.float64(85.7), 'old': np.float64(37.09), 'new': np.float64(85.7)}
2026-06-01 17:57:47,564 [trainer.py] => NME: {'total': np.float64(50.93), '00-09': np.float64(48.0), '10-19': np.float64(30.5), '20-29': np.float64(52.7), '30-39': np.float64(42.7), '40-49': np.float64(54.9), '50-59': np.float64(42.3), '60-69': np.float64(56.4), '70-79': np.float64(60.4), '80-89': np.float64(70.5), 'old': np.float64(48.49), 'new': np.float64(70.5)}
2026-06-01 17:57:47,564 [trainer.py] => CNN top1 curve: [np.float64(88.0), np.float64(77.6), np.float64(69.73), np.float64(62.18), np.float64(57.4), np.float64(53.42), np.float64(50.94), np.float64(45.42), np.float64(42.49)]
2026-06-01 17:57:47,564 [trainer.py] => CNN top5 curve: [np.float64(99.2), np.float64(96.2), np.float64(92.93), np.float64(90.22), np.float64(87.06), np.float64(82.98), np.float64(79.49), np.float64(76.54), np.float64(73.91)]
2026-06-01 17:57:47,564 [trainer.py] => NME top1 curve: [np.float64(87.4), np.float64(77.85), np.float64(72.53), np.float64(66.88), np.float64(63.9), np.float64(60.35), np.float64(57.09), np.float64(52.84), np.float64(50.93)]
2026-06-01 17:57:47,565 [trainer.py] => NME top5 curve: [np.float64(99.2), np.float64(96.3), np.float64(93.33), np.float64(91.3), np.float64(89.3), np.float64(85.85), np.float64(83.47), np.float64(80.99), np.float64(77.93)]

2026-06-01 17:57:47,565 [trainer.py] => Average Accuracy (CNN): 60.797777777777775
2026-06-01 17:57:47,565 [trainer.py] => Average Accuracy (NME): 65.53
2026-06-01 17:57:47,565 [trainer.py] => All params: 470004
2026-06-01 17:57:47,565 [trainer.py] => Trainable params: 470004
2026-06-01 17:57:47,565 [icarl.py] => Learning on 90-100
2026-06-01 18:00:35,537 [icarl.py] => Task 9, Epoch 170/170 => Loss 2.093, Train_accy 99.91
2026-06-01 18:00:35,537 [base.py] => Reducing exemplars...(20 per classes)
2026-06-01 18:00:42,062 [base.py] => Constructing exemplars...(20 per classes)
2026-06-01 18:00:45,038 [icarl.py] => Exemplar size: 2000
2026-06-01 18:00:45,038 [trainer.py] => CNN: {'total': np.float64(40.55), '00-09': np.float64(30.6), '10-19': np.float64(21.2), '20-29': np.float64(36.5), '30-39': np.float64(28.5), '40-49': np.float64(38.8), '50-59': np.float64(26.3), '60-69': np.float64(39.7), '70-79': np.float64(42.3), '80-89': np.float64(60.6), '90-99': np.float64(81.0), 'old': np.float64(36.06), 'new': np.float64(81.0)}
2026-06-01 18:00:45,038 [trainer.py] => NME: {'total': np.float64(48.72), '00-09': np.float64(43.9), '10-19': np.float64(30.4), '20-29': np.float64(50.0), '30-39': np.float64(40.2), '40-49': np.float64(51.8), '50-59': np.float64(38.5), '60-69': np.float64(55.3), '70-79': np.float64(53.0), '80-89': np.float64(60.9), '90-99': np.float64(63.2), 'old': np.float64(47.11), 'new': np.float64(63.2)}
2026-06-01 18:00:45,038 [trainer.py] => CNN top1 curve: [np.float64(88.0), np.float64(77.6), np.float64(69.73), np.float64(62.18), np.float64(57.4), np.float64(53.42), np.float64(50.94), np.float64(45.42), np.float64(42.49), np.float64(40.55)]
2026-06-01 18:00:45,038 [trainer.py] => CNN top5 curve: [np.float64(99.2), np.float64(96.2), np.float64(92.93), np.float64(90.22), np.float64(87.06), np.float64(82.98), np.float64(79.49), np.float64(76.54), np.float64(73.91), np.float64(70.6)]
2026-06-01 18:00:45,038 [trainer.py] => NME top1 curve: [np.float64(87.4), np.float64(77.85), np.float64(72.53), np.float64(66.88), np.float64(63.9), np.float64(60.35), np.float64(57.09), np.float64(52.84), np.float64(50.93), np.float64(48.72)]
2026-06-01 18:00:45,038 [trainer.py] => NME top5 curve: [np.float64(99.2), np.float64(96.3), np.float64(93.33), np.float64(91.3), np.float64(89.3), np.float64(85.85), np.float64(83.47), np.float64(80.99), np.float64(77.93), np.float64(76.39)]

2026-06-01 18:00:45,038 [trainer.py] => Average Accuracy (CNN): 58.77299999999999
2026-06-01 18:00:45,038 [trainer.py] => Average Accuracy (NME): 63.849000000000004
2026-06-01 18:00:45,039 [trainer.py] => Forgetting (CNN): 48.333333333333336
2026-06-01 18:00:45,039 [trainer.py] => Forgetting (NME): 28.333333333333332
