Worker for GPU 2 started at Thu Jun 11 07:12:30 AM EDT 2026
Thu Jun 11 07:12:30 AM EDT 2026 | GPU 2 memory=0MiB
GPU 2 starting job: channel=AWGN snr=19 ratio=1/6
Output: ./out_cifar10_awgn_snr19_r16
Log: log_gpu2_awgn_snr19_r16.txt
Start time: Thu Jun 11 07:12:30 AM EDT 2026
GPU 2 finished job: channel=AWGN snr=19 ratio=1/6
Finish time: Thu Jun 11 09:03:49 AM EDT 2026
Thu Jun 11 09:03:49 AM EDT 2026 | GPU 2 memory=0MiB
GPU 2 starting job: channel=Rayleigh snr=7 ratio=1/12
Output: ./out_cifar10_rayleigh_snr7_r112
Log: log_gpu2_rayleigh_snr7_r112.txt
Start time: Thu Jun 11 09:03:49 AM EDT 2026
GPU 2 finished job: channel=Rayleigh snr=7 ratio=1/12
Finish time: Thu Jun 11 11:05:20 AM EDT 2026
Thu Jun 11 11:05:20 AM EDT 2026 | GPU 2 memory=0MiB
GPU 2 starting job: channel=Rayleigh snr=7 ratio=1/6
Output: ./out_cifar10_rayleigh_snr7_r16
Log: log_gpu2_rayleigh_snr7_r16.txt
Start time: Thu Jun 11 11:05:20 AM EDT 2026
GPU 2 finished job: channel=Rayleigh snr=7 ratio=1/6
Finish time: Thu Jun 11 01:08:23 PM EDT 2026
Thu Jun 11 01:08:23 PM EDT 2026 | GPU 2 memory=0MiB
GPU 2: no jobs left at Thu Jun 11 01:08:23 PM EDT 2026
