Worker for GPU 3 started at Thu Jun 11 07:12:30 AM EDT 2026
Thu Jun 11 07:12:30 AM EDT 2026 | GPU 3 memory=0MiB
GPU 3 starting job: channel=AWGN snr=7 ratio=1/6
Output: ./out_cifar10_awgn_snr7_r16
Log: log_gpu3_awgn_snr7_r16.txt
Start time: Thu Jun 11 07:12:31 AM EDT 2026
GPU 3 finished job: channel=AWGN snr=7 ratio=1/6
Finish time: Thu Jun 11 09:02:00 AM EDT 2026
Thu Jun 11 09:02:00 AM EDT 2026 | GPU 3 memory=0MiB
GPU 3 starting job: channel=Rayleigh snr=19 ratio=1/12
Output: ./out_cifar10_rayleigh_snr19_r112
Log: log_gpu3_rayleigh_snr19_r112.txt
Start time: Thu Jun 11 09:02:00 AM EDT 2026
GPU 3 finished job: channel=Rayleigh snr=19 ratio=1/12
Finish time: Thu Jun 11 11:04:12 AM EDT 2026
Thu Jun 11 11:04:12 AM EDT 2026 | GPU 3 memory=0MiB
GPU 3 starting job: channel=Rayleigh snr=19 ratio=1/6
Output: ./out_cifar10_rayleigh_snr19_r16
Log: log_gpu3_rayleigh_snr19_r16.txt
Start time: Thu Jun 11 11:04:12 AM EDT 2026
GPU 3 finished job: channel=Rayleigh snr=19 ratio=1/6
Finish time: Thu Jun 11 01:02:23 PM EDT 2026
Thu Jun 11 01:02:23 PM EDT 2026 | GPU 3 memory=0MiB
GPU 3: no jobs left at Thu Jun 11 01:02:24 PM EDT 2026
