2026-06-26 07:47:00,378 [trainer.py] => config: ./exps/zs_clip.json
2026-06-26 07:47:00,378 [trainer.py] => prefix: reproduce
2026-06-26 07:47:00,378 [trainer.py] => dataset: cifar224
2026-06-26 07:47:00,378 [trainer.py] => memory_size: 0
2026-06-26 07:47:00,378 [trainer.py] => memory_per_class: 0
2026-06-26 07:47:00,378 [trainer.py] => fixed_memory: False
2026-06-26 07:47:00,378 [trainer.py] => shuffle: True
2026-06-26 07:47:00,378 [trainer.py] => init_cls: 50
2026-06-26 07:47:00,378 [trainer.py] => increment: 10
2026-06-26 07:47:00,378 [trainer.py] => model_name: zs_clip
2026-06-26 07:47:00,378 [trainer.py] => backbone_type: clip
2026-06-26 07:47:00,378 [trainer.py] => device: [device(type='cuda', index=0)]
2026-06-26 07:47:00,378 [trainer.py] => seed: 1993
2026-06-26 07:47:00,378 [trainer.py] => total_class_num: 100
2026-06-26 07:47:23,667 [data_manager.py] => [68, 56, 78, 8, 23, 84, 90, 65, 74, 76, 40, 89, 3, 92, 55, 9, 26, 80, 43, 38, 58, 70, 77, 1, 85, 19, 17, 50, 28, 53, 13, 81, 45, 82, 6, 59, 83, 16, 15, 44, 91, 41, 72, 60, 79, 52, 20, 10, 31, 54, 37, 95, 14, 71, 96, 98, 97, 2, 64, 66, 42, 22, 35, 86, 24, 34, 87, 21, 99, 0, 88, 27, 18, 94, 11, 12, 47, 25, 30, 46, 62, 69, 36, 61, 7, 63, 75, 5, 32, 4, 51, 48, 73, 93, 39, 67, 29, 49, 57, 33]
2026-06-26 07:48:38,787 [trainer.py] => config: ./exps/zs_clip.json
2026-06-26 07:48:38,788 [trainer.py] => prefix: reproduce
2026-06-26 07:48:38,788 [trainer.py] => dataset: cifar224
2026-06-26 07:48:38,788 [trainer.py] => memory_size: 0
2026-06-26 07:48:38,788 [trainer.py] => memory_per_class: 0
2026-06-26 07:48:38,788 [trainer.py] => fixed_memory: False
2026-06-26 07:48:38,788 [trainer.py] => shuffle: True
2026-06-26 07:48:38,788 [trainer.py] => init_cls: 50
2026-06-26 07:48:38,788 [trainer.py] => increment: 10
2026-06-26 07:48:38,788 [trainer.py] => model_name: zs_clip
2026-06-26 07:48:38,788 [trainer.py] => backbone_type: clip
2026-06-26 07:48:38,788 [trainer.py] => device: [device(type='cuda', index=0)]
2026-06-26 07:48:38,788 [trainer.py] => seed: 1993
2026-06-26 07:48:38,788 [trainer.py] => total_class_num: 100
2026-06-26 07:48:46,311 [data_manager.py] => [68, 56, 78, 8, 23, 84, 90, 65, 74, 76, 40, 89, 3, 92, 55, 9, 26, 80, 43, 38, 58, 70, 77, 1, 85, 19, 17, 50, 28, 53, 13, 81, 45, 82, 6, 59, 83, 16, 15, 44, 91, 41, 72, 60, 79, 52, 20, 10, 31, 54, 37, 95, 14, 71, 96, 98, 97, 2, 64, 66, 42, 22, 35, 86, 24, 34, 87, 21, 99, 0, 88, 27, 18, 94, 11, 12, 47, 25, 30, 46, 62, 69, 36, 61, 7, 63, 75, 5, 32, 4, 51, 48, 73, 93, 39, 67, 29, 49, 57, 33]
2026-06-26 07:48:47,072 [factory.py] => Loaded ViT-B-16 model config.
2026-06-26 07:49:13,191 [factory.py] => Loading pretrained ViT-B-16 weights (laion400m_e32).
2026-06-26 07:49:14,178 [factory.py] => Loaded ViT-B-16 model config.
2026-06-26 07:49:16,114 [factory.py] => Loading pretrained ViT-B-16 weights (laion400m_e32).
2026-06-26 07:49:17,008 [zs_clip.py] => Learning on 0-50
2026-06-26 07:49:24,624 [trainer.py] => CNN: {'total': np.float64(81.06), '00-09': np.float64(85.1), '10-19': np.float64(78.3), '20-29': np.float64(83.5), '30-39': np.float64(78.2), '40-49': np.float64(80.2), 'old': 0, 'new': np.float64(81.06), 'harmonic': np.float64(0.0)}
2026-06-26 07:49:24,625 [trainer.py] => CNN top1 curve: [np.float64(81.06)]
2026-06-26 07:49:24,625 [trainer.py] => CNN top5 curve: [np.float64(96.5)]

2026-06-26 07:49:24,625 [trainer.py] => Average Accuracy (CNN): 81.06
2026-06-26 07:49:24,627 [zs_clip.py] => Learning on 50-60
2026-06-26 07:49:33,213 [trainer.py] => CNN: {'total': np.float64(79.68), '00-09': np.float64(84.6), '10-19': np.float64(77.0), '20-29': np.float64(82.6), '30-39': np.float64(77.5), '40-49': np.float64(78.4), '50-59': np.float64(78.0), 'old': np.float64(80.02), 'new': np.float64(78.0), 'harmonic': np.float64(79.0)}
2026-06-26 07:49:33,213 [trainer.py] => CNN top1 curve: [np.float64(81.06), np.float64(79.68)]
2026-06-26 07:49:33,213 [trainer.py] => CNN top5 curve: [np.float64(96.5), np.float64(95.82)]

2026-06-26 07:49:33,213 [trainer.py] => Average Accuracy (CNN): 80.37
2026-06-26 07:49:33,215 [zs_clip.py] => Learning on 60-70
2026-06-26 07:49:43,023 [trainer.py] => CNN: {'total': np.float64(78.39), '00-09': np.float64(82.3), '10-19': np.float64(75.4), '20-29': np.float64(81.2), '30-39': np.float64(75.1), '40-49': np.float64(77.9), '50-59': np.float64(74.3), '60-69': np.float64(82.5), 'old': np.float64(77.7), 'new': np.float64(82.5), 'harmonic': np.float64(80.03)}
2026-06-26 07:49:43,023 [trainer.py] => CNN top1 curve: [np.float64(81.06), np.float64(79.68), np.float64(78.39)]
2026-06-26 07:49:43,023 [trainer.py] => CNN top5 curve: [np.float64(96.5), np.float64(95.82), np.float64(95.11)]

2026-06-26 07:49:43,023 [trainer.py] => Average Accuracy (CNN): 79.71
2026-06-26 07:49:43,025 [zs_clip.py] => Learning on 70-80
2026-06-26 07:49:54,023 [trainer.py] => CNN: {'total': np.float64(75.85), '00-09': np.float64(81.8), '10-19': np.float64(74.9), '20-29': np.float64(80.8), '30-39': np.float64(74.8), '40-49': np.float64(76.4), '50-59': np.float64(70.4), '60-69': np.float64(81.0), '70-79': np.float64(66.7), 'old': np.float64(77.16), 'new': np.float64(66.7), 'harmonic': np.float64(71.55)}
2026-06-26 07:49:54,024 [trainer.py] => CNN top1 curve: [np.float64(81.06), np.float64(79.68), np.float64(78.39), np.float64(75.85)]
2026-06-26 07:49:54,024 [trainer.py] => CNN top5 curve: [np.float64(96.5), np.float64(95.82), np.float64(95.11), np.float64(94.26)]

2026-06-26 07:49:54,024 [trainer.py] => Average Accuracy (CNN): 78.745
2026-06-26 07:49:54,025 [zs_clip.py] => Learning on 80-90
2026-06-26 07:50:06,506 [trainer.py] => CNN: {'total': np.float64(72.56), '00-09': np.float64(80.2), '10-19': np.float64(72.2), '20-29': np.float64(76.3), '30-39': np.float64(73.5), '40-49': np.float64(72.9), '50-59': np.float64(68.6), '60-69': np.float64(77.8), '70-79': np.float64(66.1), '80-89': np.float64(65.4), 'old': np.float64(73.45), 'new': np.float64(65.4), 'harmonic': np.float64(69.19)}
2026-06-26 07:50:06,506 [trainer.py] => CNN top1 curve: [np.float64(81.06), np.float64(79.68), np.float64(78.39), np.float64(75.85), np.float64(72.56)]
2026-06-26 07:50:06,506 [trainer.py] => CNN top5 curve: [np.float64(96.5), np.float64(95.82), np.float64(95.11), np.float64(94.26), np.float64(93.07)]

2026-06-26 07:50:06,506 [trainer.py] => Average Accuracy (CNN): 77.50800000000001
2026-06-26 07:50:06,508 [zs_clip.py] => Learning on 90-100
2026-06-26 07:50:20,042 [trainer.py] => CNN: {'total': np.float64(71.38), '00-09': np.float64(79.1), '10-19': np.float64(71.8), '20-29': np.float64(74.3), '30-39': np.float64(72.6), '40-49': np.float64(72.3), '50-59': np.float64(68.1), '60-69': np.float64(76.7), '70-79': np.float64(64.0), '80-89': np.float64(64.5), '90-99': np.float64(70.4), 'old': np.float64(71.49), 'new': np.float64(70.4), 'harmonic': np.float64(70.94)}
2026-06-26 07:50:20,042 [trainer.py] => CNN top1 curve: [np.float64(81.06), np.float64(79.68), np.float64(78.39), np.float64(75.85), np.float64(72.56), np.float64(71.38)]
2026-06-26 07:50:20,042 [trainer.py] => CNN top5 curve: [np.float64(96.5), np.float64(95.82), np.float64(95.11), np.float64(94.26), np.float64(93.07), np.float64(92.15)]

2026-06-26 07:50:20,042 [trainer.py] => Average Accuracy (CNN): 76.48666666666666
